<?xml version="1.0" encoding="UTF-8"?>
<testsuite name="ru.stqa.pft.mantis.tests.SoapTests" tests="1" skipped="1" failures="0" errors="0" timestamp="2022-05-12T19:52:37" hostname="USER-PC" time="0.625">
  <properties/>
  <testcase name="testGetProjects" classname="ru.stqa.pft.mantis.tests.SoapTests" time="0.625">
    <skipped/>
  </testcase>
  <system-out><![CDATA[assigned
]]></system-out>
  <system-err><![CDATA[]]></system-err>
</testsuite>
