<?xml version="1.0" encoding="UTF-8"?>
<testsuite name="ru.stqa.pft.mantis.tests.ChangePasswordTests" tests="1" skipped="0" failures="0" errors="0" timestamp="2022-05-13T00:42:47" hostname="USER-PC" time="13.342">
  <properties/>
  <testcase name="testChangePassword" classname="ru.stqa.pft.mantis.tests.ChangePasswordTests" time="13.342"/>
  <system-out><![CDATA[J
A
M
E
S
 
R
e
m
o
t
e
 
A
d
m
i
n
i
s
t
r
a
t
i
o
n
 
T
o
o
l
 
2
.
3
.
1



P
l
e
a
s
e
 
e
n
t
e
r
 
y
o
u
r
 
l
o
g
i
n
 
a
n
d
 
p
a
s
s
w
o
r
d



L
o
g
i
n
 
i
d
:




P
a
s
s
w
o
r
d
:




L
o
g
i
n
 
f
a
i
l
e
d
 
f
o
r
 



L
o
g
i
n
 
i
d
:
root



P
a
s
s
w
o
r
d
root
:



W
e
l
c
o
m
e
 
r
o
o
t
.
 
H
E
L
P
 
f
o
r
 
a
 
l
i
s
t
 
o
f
 
c
o
m
m
a
n
d
s
adduser mantis password



U
s
e
r
 
m
a
n
t
i
s
 
a
d
d
e
d
quit
J
A
M
E
S
 
R
e
m
o
t
e
 
A
d
m
i
n
i
s
t
r
a
t
i
o
n
 
T
o
o
l
 
2
.
3
.
1



P
l
e
a
s
e
 
e
n
t
e
r
 
y
o
u
r
 
l
o
g
i
n
 
a
n
d
 
p
a
s
s
w
o
r
d



L
o
g
i
n
 
i
d
:




P
a
s
s
w
o
r
d
:




L
o
g
i
n
 
f
a
i
l
e
d
 
f
o
r
 



L
o
g
i
n
 
i
d
:
root



P
a
s
s
w
o
r
d
root
:



W
e
l
c
o
m
e
 
r
o
o
t
.
 
H
E
L
P
 
f
o
r
 
a
 
l
i
s
t
 
o
f
 
c
o
m
m
a
n
d
s
deluser mantis



U
s
e
r
 
m
a
n
t
i
s
 
d
e
l
e
t
e
d
quit
]]></system-out>
  <system-err><![CDATA[SLF4J: Failed to load class "org.slf4j.impl.StaticLoggerBinder".
SLF4J: Defaulting to no-operation (NOP) logger implementation
SLF4J: See http://www.slf4j.org/codes.html#StaticLoggerBinder for further details.
Starting ChromeDriver 101.0.4951.41 (93c720db8323b3ec10d056025ab95c23a31997c9-refs/branch-heads/4951@{#904}) on port 62424
Only local connections are allowed.
Please see https://chromedriver.chromium.org/security-considerations for suggestions on keeping ChromeDriver safe.
ChromeDriver was started successfully.
мая 13, 2022 3:42:49 AM org.openqa.selenium.remote.ProtocolHandshake createSession
INFO: Detected dialect: W3C
мая 13, 2022 3:42:49 AM org.openqa.selenium.devtools.CdpVersionFinder findNearestMatch
WARNING: Unable to find an exact match for CDP version 101, so returning the closest version found: a no-op implementation
мая 13, 2022 3:42:49 AM org.openqa.selenium.devtools.CdpVersionFinder findNearestMatch
INFO: Unable to find CDP implementation matching 101.
мая 13, 2022 3:42:49 AM org.openqa.selenium.chromium.ChromiumDriver lambda$new$3
WARNING: Unable to find version of CDP to use for . You may need to include a dependency on a specific version of the CDP using something similar to `org.seleniumhq.selenium:selenium-devtools-v86:4.1.0` where the version ("v86") matches the version of the chromium-based browser you're using and the version number of the artifact is the same as Selenium's.
]]></system-err>
</testsuite>
