<?xml version="1.0" encoding="UTF-8"?>
<testsuite name="ru.stqa.pft.addressbook.tests.tests.GroupModificationTests" tests="1" skipped="0" failures="0" errors="0" timestamp="2022-01-25T23:16:47" hostname="USER-PC" time="4.883">
  <properties/>
  <testcase name="testGroupModification" classname="ru.stqa.pft.addressbook.tests.tests.GroupModificationTests" time="4.883"/>
  <system-out><![CDATA[]]></system-out>
  <system-err><![CDATA[]]></system-err>
</testsuite>
