<?xml version="1.0" encoding="UTF-8"?>
<testsuite name="ru.stqa.pft.addressbook.tests.tests.GroupDeletionTests" tests="1" skipped="0" failures="0" errors="0" timestamp="2022-01-25T23:16:52" hostname="USER-PC" time="4.06">
  <properties/>
  <testcase name="testGroupDeletion" classname="ru.stqa.pft.addressbook.tests.tests.GroupDeletionTests" time="4.06"/>
  <system-out><![CDATA[]]></system-out>
  <system-err><![CDATA[]]></system-err>
</testsuite>
